Using pre-set license
Built from '2020.3/release' branch; Version is '2020.3.27f1 (e759542391ea) revision 15161684'; Using compiler version '192528614'; Build Type 'Release'
OS: 'Windows 10  (10.0.18363) 64bit CoreSingleLanguage' Language: 'en' Physical Memory: 3973 MB
BatchMode: 1, IsHumanControllingUs: 0, StartBugReporterOnCrash: 0, Is64bit: 1, IsPro: 0

COMMAND LINE ARGUMENTS:
C:\Program Files\Unity 2020.3.27f1\Editor\Unity.exe
-adb2
-batchMode
-noUpm
-name
AssetImportWorker6
-projectPath
D:/ridinghoodgame/RidingHood
-logFile
Logs/AssetImportWorker6.log
-srvPort
63464
Successfully changed project path to: D:/ridinghoodgame/RidingHood
D:/ridinghoodgame/RidingHood
Using Asset Import Pipeline V2.
Refreshing native plugins compatible for Editor in 51.20 ms, found 3 plugins.
Preloading 0 native plugins for Editor in 0.00 ms.
Initialize engine version: 2020.3.27f1 (e759542391ea)
[Subsystems] Discovering subsystems at path C:/Program Files/Unity 2020.3.27f1/Editor/Data/Resources/UnitySubsystems
[Subsystems] Discovering subsystems at path D:/ridinghoodgame/RidingHood/Assets
GfxDevice: creating device client; threaded=0
Direct3D:
    Version:  Direct3D 11.0 [level 11.1]
    Renderer: Intel(R) UHD Graphics 620 (ID=0x5917)
    Vendor:   
    VRAM:     1986 MB
    Driver:   22.20.16.4785
Initialize mono
Mono path[0] = 'C:/Program Files/Unity 2020.3.27f1/Editor/Data/Managed'
Mono path[1] = 'C:/Program Files/Unity 2020.3.27f1/Editor/Data/MonoBleedingEdge/lib/mono/unityjit'
Mono config path = 'C:/Program Files/Unity 2020.3.27f1/Editor/Data/MonoBleedingEdge/etc'
Using monoOptions --debugger-agent=transport=dt_socket,embedding=1,server=y,suspend=n,address=127.0.0.1:56944
Begin MonoManager ReloadAssembly
Registering precompiled unity dll's ...
Register platform support module: C:/Program Files/Unity 2020.3.27f1/Editor/Data/PlaybackEngines/WindowsStandaloneSupport/UnityEditor.WindowsStandalone.Extensions.dll
Registered in 0.002038 seconds.
Native extension for WindowsStandalone target not found
Refreshing native plugins compatible for Editor in 49.52 ms, found 3 plugins.
Preloading 0 native plugins for Editor in 0.00 ms.
Mono: successfully reloaded assembly
- Completed reload, in  0.724 seconds
Domain Reload Profiling:
	ReloadAssembly (724ms)
		BeginReloadAssembly (131ms)
			ExecutionOrderSort (0ms)
			DisableScriptedObjects (0ms)
			BackupInstance (0ms)
			ReleaseScriptingObjects (0ms)
			CreateAndSetChildDomain (1ms)
		EndReloadAssembly (512ms)
			LoadAssemblies (128ms)
			RebuildTransferFunctionScriptingTraits (0ms)
			SetupTypeCache (177ms)
			ReleaseScriptCaches (0ms)
			RebuildScriptCaches (35ms)
			SetupLoadedEditorAssemblies (184ms)
				LogAssemblyErrors (0ms)
				InitializePlatformSupportModulesInManaged (4ms)
				SetLoadedEditorAssemblies (0ms)
				RefreshPlugins (50ms)
				BeforeProcessingInitializeOnLoad (10ms)
				ProcessInitializeOnLoadAttributes (88ms)
				ProcessInitializeOnLoadMethodAttributes (32ms)
				AfterProcessingInitializeOnLoad (0ms)
				EditorAssembliesLoaded (0ms)
			ExecutionOrderSort2 (0ms)
			AwakeInstancesAfterBackupRestoration (0ms)
Platform modules already initialized, skipping
Registering precompiled user dll's ...
Registered in 0.003538 seconds.
Begin MonoManager ReloadAssembly
Native extension for WindowsStandalone target not found
Refreshing native plugins compatible for Editor in 66.04 ms, found 3 plugins.
Preloading 0 native plugins for Editor in 0.00 ms.
Mono: successfully reloaded assembly
- Completed reload, in  5.410 seconds
Domain Reload Profiling:
	ReloadAssembly (5441ms)
		BeginReloadAssembly (369ms)
			ExecutionOrderSort (0ms)
			DisableScriptedObjects (16ms)
			BackupInstance (0ms)
			ReleaseScriptingObjects (0ms)
			CreateAndSetChildDomain (52ms)
		EndReloadAssembly (4868ms)
			LoadAssemblies (2455ms)
			RebuildTransferFunctionScriptingTraits (0ms)
			SetupTypeCache (1101ms)
			ReleaseScriptCaches (1ms)
			RebuildScriptCaches (63ms)
			SetupLoadedEditorAssemblies (1034ms)
				LogAssemblyErrors (0ms)
				InitializePlatformSupportModulesInManaged (3ms)
				SetLoadedEditorAssemblies (0ms)
				RefreshPlugins (66ms)
				BeforeProcessingInitializeOnLoad (92ms)
				ProcessInitializeOnLoadAttributes (753ms)
				ProcessInitializeOnLoadMethodAttributes (113ms)
				AfterProcessingInitializeOnLoad (7ms)
				EditorAssembliesLoaded (0ms)
			ExecutionOrderSort2 (0ms)
			AwakeInstancesAfterBackupRestoration (7ms)
Platform modules already initialized, skipping
========================================================================
Worker process is ready to serve import requests
Launched and connected shader compiler UnityShaderCompiler.exe after 2.13 seconds
Refreshing native plugins compatible for Editor in 0.60 ms, found 3 plugins.
Preloading 0 native plugins for Editor in 0.00 ms.
Unloading 2198 Unused Serialized files (Serialized files now loaded: 0)
System memory in use before: 96.6 MB.
System memory in use after: 96.5 MB.

Unloading 34 unused Assets to reduce memory usage. Loaded Objects now: 2630.
Total: 76.547100 ms (FindLiveObjects: 0.241400 ms CreateObjectMapping: 0.095700 ms MarkObjects: 76.006100 ms  DeleteObjects: 0.202100 ms)

AssetImportParameters requested are different than current active one (requested -> active):
  custom:framework-win-MediaFoundation: 216162199b28c13a410421893ffa2e32 -> 
  custom:video-decoder-ogg-theora: a1e56fd34408186e4bbccfd4996cb3dc -> 
  custom:container-muxer-webm: aa71ff27fc2769a1b78a27578f13a17b -> 
  custom:container-demuxer-webm: 4f35f7cbe854078d1ac9338744f61a02 -> 
  custom:container-demuxer-ogg: 62fdf1f143b41e24485cea50d1cbac27 -> 
  custom:video-encoder-webm-vp8: eb34c28f22e8b96e1ab97ce403110664 -> 
  custom:video-decoder-webm-vp8: 9c59270c3fd7afecdb556c50c9e8de78 -> 
  custom:audio-decoder-ogg-vorbis: bf7c407c2cedff20999df2af8eb42d56 -> 
  custom:audio-encoder-webm-vorbis: bf7c407c2cedff20999df2af8eb42d56 -> 
========================================================================
Received Import Request.
  path: Assets/Sprites/forest-game-background-d-application-vector-design-tileable-horizontally-size-ready-parallax-effect-73706218.jpg
  artifactKey: Guid(bbec86f53489c3b40a57b39dc76f31f6) Importer(815301076,1909f56bfc062723c751e8b465ee728b)
Start importing Assets/Sprites/forest-game-background-d-application-vector-design-tileable-horizontally-size-ready-parallax-effect-73706218.jpg using Guid(bbec86f53489c3b40a57b39dc76f31f6) Importer(815301076,1909f56bfc062723c751e8b465ee728b)  -> (artifact id: 'c0bd66c4dc28bc9b48ec5fd220c8ddb1') in 14.237761 seconds 
  Import took 14.286048 seconds .

========================================================================
Received Import Request.
  Time since last request: 31.452520 seconds.
  path: Assets/Sprites/forest-4.png
  artifactKey: Guid(6efbdea0ea72ba74cb57de5599fe6967) Importer(815301076,1909f56bfc062723c751e8b465ee728b)
Start importing Assets/Sprites/forest-4.png using Guid(6efbdea0ea72ba74cb57de5599fe6967) Importer(815301076,1909f56bfc062723c751e8b465ee728b)  -> (artifact id: '0dd15798929a215c2d80ded20f41376d') in 0.901259 seconds 
  Import took 0.991596 seconds .

========================================================================
Received Import Request.
  Time since last request: 2.271940 seconds.
  path: Assets/Sprites/forest-1.png
  artifactKey: Guid(a2cb949c771fc4249aa27a76a13b9bd1) Importer(815301076,1909f56bfc062723c751e8b465ee728b)
Start importing Assets/Sprites/forest-1.png using Guid(a2cb949c771fc4249aa27a76a13b9bd1) Importer(815301076,1909f56bfc062723c751e8b465ee728b)  -> (artifact id: '63671c658b392545ab187fd066222ecc') in 0.955156 seconds 
  Import took 1.002893 seconds .

========================================================================
Received Import Request.
  Time since last request: 0.000336 seconds.
  path: Assets/Sprites/forest-2.png
  artifactKey: Guid(d7586728c972f08438371147dbb42eb4) Importer(815301076,1909f56bfc062723c751e8b465ee728b)
Start importing Assets/Sprites/forest-2.png using Guid(d7586728c972f08438371147dbb42eb4) Importer(815301076,1909f56bfc062723c751e8b465ee728b)  -> (artifact id: '3913939e9d49d2b19d0984b38e808acc') in 0.892813 seconds 
  Import took 1.136703 seconds .

========================================================================
Received Import Request.
  Time since last request: 0.000260 seconds.
  path: Assets/Sprites/ground-1.png
  artifactKey: Guid(32b1d4c42a89689418ffbc3cc6aef20f) Importer(815301076,1909f56bfc062723c751e8b465ee728b)
Start importing Assets/Sprites/ground-1.png using Guid(32b1d4c42a89689418ffbc3cc6aef20f) Importer(815301076,1909f56bfc062723c751e8b465ee728b)  -> (artifact id: 'e65e159ab19e0b585d78cf451d0ed3aa') in 0.364337 seconds 
  Import took 0.719984 seconds .

========================================================================
Received Import Request.
  Time since last request: 0.000302 seconds.
  path: Assets/Sprites/forest-3.png
  artifactKey: Guid(3549b3bb59d06824381702d4eacd1d15) Importer(815301076,1909f56bfc062723c751e8b465ee728b)
Start importing Assets/Sprites/forest-3.png using Guid(3549b3bb59d06824381702d4eacd1d15) Importer(815301076,1909f56bfc062723c751e8b465ee728b)  -> (artifact id: '220c94771e540aa1530c50fe803caac3') in 26.432383 seconds 
  Import took 26.799634 seconds .

========================================================================
Received Import Request.
  Time since last request: 1.563619 seconds.
  path: Assets/Sprites/forest-4.png
  artifactKey: Guid(6efbdea0ea72ba74cb57de5599fe6967) Importer(815301076,1909f56bfc062723c751e8b465ee728b)
Start importing Assets/Sprites/forest-4.png using Guid(6efbdea0ea72ba74cb57de5599fe6967) Importer(815301076,1909f56bfc062723c751e8b465ee728b)  -> (artifact id: '2c6ea42bb83efe9f6ac3ed761718173d') in 0.383772 seconds 
  Import took 1.203839 seconds .

========================================================================
Received Import Request.
  Time since last request: 69.053754 seconds.
  path: Assets/Sprites/ground-1.png
  artifactKey: Guid(32b1d4c42a89689418ffbc3cc6aef20f) Importer(815301076,1909f56bfc062723c751e8b465ee728b)
Start importing Assets/Sprites/ground-1.png using Guid(32b1d4c42a89689418ffbc3cc6aef20f) Importer(815301076,1909f56bfc062723c751e8b465ee728b)  -> (artifact id: '9836e941ff2f433269de9f48aaeb233c') in 0.128763 seconds 
  Import took 0.881407 seconds .

========================================================================
Received Import Request.
  Time since last request: 6.402183 seconds.
  path: Assets/Sprites/ground-1.png
  artifactKey: Guid(32b1d4c42a89689418ffbc3cc6aef20f) Importer(815301076,1909f56bfc062723c751e8b465ee728b)
Start importing Assets/Sprites/ground-1.png using Guid(32b1d4c42a89689418ffbc3cc6aef20f) Importer(815301076,1909f56bfc062723c751e8b465ee728b)  -> (artifact id: '84dc4b250a7f4d5222796c77403ab525') in 0.211706 seconds 
  Import took 0.247214 seconds .

========================================================================
Received Import Request.
  Time since last request: 163.106797 seconds.
  path: Assets/Sprites/forest-game-background-d-application-vector-design-tileable-horizontally-size-ready-parallax-effect-73706218.jpg
  artifactKey: Guid(bbec86f53489c3b40a57b39dc76f31f6) Importer(815301076,1909f56bfc062723c751e8b465ee728b)
Start importing Assets/Sprites/forest-game-background-d-application-vector-design-tileable-horizontally-size-ready-parallax-effect-73706218.jpg using Guid(bbec86f53489c3b40a57b39dc76f31f6) Importer(815301076,1909f56bfc062723c751e8b465ee728b)  -> (artifact id: '2186a17b9e828467ddcc6ae1350f45c4') in 0.756228 seconds 
  Import took 0.769682 seconds .

========================================================================
Received Import Request.
  Time since last request: 201.844636 seconds.
  path: Assets/Sprites/ground-1.png
  artifactKey: Guid(32b1d4c42a89689418ffbc3cc6aef20f) Importer(815301076,1909f56bfc062723c751e8b465ee728b)
Start importing Assets/Sprites/ground-1.png using Guid(32b1d4c42a89689418ffbc3cc6aef20f) Importer(815301076,1909f56bfc062723c751e8b465ee728b)  -> (artifact id: '0ddc557182df277bec4c98d9100415e6') in 0.114711 seconds 
  Import took 0.223201 seconds .

========================================================================
Received Import Request.
  Time since last request: 72.432327 seconds.
  path: Assets/Sprites/PC Computer - Hypnospace Outlaw - Artie House (1).png
  artifactKey: Guid(4094bc2dd705ddc45b09e0c9de3d49c4) Importer(815301076,1909f56bfc062723c751e8b465ee728b)
Start importing Assets/Sprites/PC Computer - Hypnospace Outlaw - Artie House (1).png using Guid(4094bc2dd705ddc45b09e0c9de3d49c4) Importer(815301076,1909f56bfc062723c751e8b465ee728b)  -> (artifact id: '0b3bce9af113ef4227a8d5cb9c559a99') in 0.364390 seconds 
  Import took 0.396213 seconds .

========================================================================
Received Import Request.
  Time since last request: 68.603579 seconds.
  path: Assets/Sprites/PC_Computer_-_Hypnospace_Outlaw_-_Artie_House__1_-removebg-preview.png
  artifactKey: Guid(a19d3953e60a82b41907524dd5dff03a) Importer(815301076,1909f56bfc062723c751e8b465ee728b)
Start importing Assets/Sprites/PC_Computer_-_Hypnospace_Outlaw_-_Artie_House__1_-removebg-preview.png using Guid(a19d3953e60a82b41907524dd5dff03a) Importer(815301076,1909f56bfc062723c751e8b465ee728b)  -> (artifact id: '6dcdc7d9c516c4ba4b7737fa8372f48c') in 0.178550 seconds 
  Import took 0.292559 seconds .

========================================================================
Received Import Request.
  Time since last request: 15.865029 seconds.
  path: Assets/Sprites/PC_Computer_-_Hypnospace_Outlaw_-_Artie_House__1_-removebg-preview.png
  artifactKey: Guid(a19d3953e60a82b41907524dd5dff03a) Importer(815301076,1909f56bfc062723c751e8b465ee728b)
Start importing Assets/Sprites/PC_Computer_-_Hypnospace_Outlaw_-_Artie_House__1_-removebg-preview.png using Guid(a19d3953e60a82b41907524dd5dff03a) Importer(815301076,1909f56bfc062723c751e8b465ee728b)  -> (artifact id: 'd6f8548294788cd4c2571e005be30050') in 0.075601 seconds 
  Import took 0.408376 seconds .

========================================================================
Received Import Request.
  Time since last request: 9.358235 seconds.
  path: Assets/Sprites/PC_Computer_-_Hypnospace_Outlaw_-_Artie_House__1_-removebg-preview.png
  artifactKey: Guid(a19d3953e60a82b41907524dd5dff03a) Importer(815301076,1909f56bfc062723c751e8b465ee728b)
Start importing Assets/Sprites/PC_Computer_-_Hypnospace_Outlaw_-_Artie_House__1_-removebg-preview.png using Guid(a19d3953e60a82b41907524dd5dff03a) Importer(815301076,1909f56bfc062723c751e8b465ee728b)  -> (artifact id: '54e43e99213ac51b15d0ecad93458540') in 0.044061 seconds 
  Import took 0.059305 seconds .

========================================================================
Received Import Request.
  Time since last request: 67.055986 seconds.
  path: Assets/Sprites/forest-2.png
  artifactKey: Guid(d7586728c972f08438371147dbb42eb4) Importer(815301076,1909f56bfc062723c751e8b465ee728b)
Start importing Assets/Sprites/forest-2.png using Guid(d7586728c972f08438371147dbb42eb4) Importer(815301076,1909f56bfc062723c751e8b465ee728b)  -> (artifact id: 'aa0e0db4a1243073f0ae07c911494d77') in 0.222124 seconds 
  Import took 0.299544 seconds .

========================================================================
Received Import Request.
  Time since last request: 20.836226 seconds.
  path: Assets/Sprites/forest-2.png
  artifactKey: Guid(d7586728c972f08438371147dbb42eb4) Importer(815301076,1909f56bfc062723c751e8b465ee728b)
Start importing Assets/Sprites/forest-2.png using Guid(d7586728c972f08438371147dbb42eb4) Importer(815301076,1909f56bfc062723c751e8b465ee728b)  -> (artifact id: 'b0f5541f8177849ba1a4c2c6a7357f9b') in 0.147064 seconds 
  Import took 0.163897 seconds .

========================================================================
Received Import Request.
  Time since last request: 20.779668 seconds.
  path: Assets/Sprites/forest-2.png
  artifactKey: Guid(d7586728c972f08438371147dbb42eb4) Importer(815301076,1909f56bfc062723c751e8b465ee728b)
Start importing Assets/Sprites/forest-2.png using Guid(d7586728c972f08438371147dbb42eb4) Importer(815301076,1909f56bfc062723c751e8b465ee728b)  -> (artifact id: 'b425494d933f3510251db210c87b2fdd') in 0.152931 seconds 
  Import took 0.185819 seconds .

========================================================================
Received Import Request.
  Time since last request: 29.936801 seconds.
  path: Assets/Sprites/forest-2.png
  artifactKey: Guid(d7586728c972f08438371147dbb42eb4) Importer(815301076,1909f56bfc062723c751e8b465ee728b)
Start importing Assets/Sprites/forest-2.png using Guid(d7586728c972f08438371147dbb42eb4) Importer(815301076,1909f56bfc062723c751e8b465ee728b)  -> (artifact id: '9921eaa57121fb045e970c373ba8c74e') in 0.228132 seconds 
  Import took 0.273685 seconds .

========================================================================
Received Import Request.
  Time since last request: 199.617977 seconds.
  path: Assets/Sprites/forest-2.png
  artifactKey: Guid(d7586728c972f08438371147dbb42eb4) Importer(815301076,1909f56bfc062723c751e8b465ee728b)
Start importing Assets/Sprites/forest-2.png using Guid(d7586728c972f08438371147dbb42eb4) Importer(815301076,1909f56bfc062723c751e8b465ee728b)  -> (artifact id: 'ba885d8246dfd9f341e1c3942145b653') in 0.348932 seconds 
  Import took 0.385694 seconds .

========================================================================
Received Import Request.
  Time since last request: 9.088289 seconds.
  path: Assets/Sprites/forest-2.png
  artifactKey: Guid(d7586728c972f08438371147dbb42eb4) Importer(815301076,1909f56bfc062723c751e8b465ee728b)
Start importing Assets/Sprites/forest-2.png using Guid(d7586728c972f08438371147dbb42eb4) Importer(815301076,1909f56bfc062723c751e8b465ee728b)  -> (artifact id: '1f2662f3c376c25f263719d871d8b1b7') in 0.195563 seconds 
  Import took 0.230550 seconds .

========================================================================
Received Import Request.
  Time since last request: 7.290765 seconds.
  path: Assets/Sprites/forest-2.png
  artifactKey: Guid(d7586728c972f08438371147dbb42eb4) Importer(815301076,1909f56bfc062723c751e8b465ee728b)
Start importing Assets/Sprites/forest-2.png using Guid(d7586728c972f08438371147dbb42eb4) Importer(815301076,1909f56bfc062723c751e8b465ee728b)  -> (artifact id: '4bbd4cd37657b4e428e33fb18ab6152f') in 0.203919 seconds 
  Import took 0.276041 seconds .

========================================================================
Received Import Request.
  Time since last request: 8.812032 seconds.
  path: Assets/Sprites/forest-2.png
  artifactKey: Guid(d7586728c972f08438371147dbb42eb4) Importer(815301076,1909f56bfc062723c751e8b465ee728b)
Start importing Assets/Sprites/forest-2.png using Guid(d7586728c972f08438371147dbb42eb4) Importer(815301076,1909f56bfc062723c751e8b465ee728b)  -> (artifact id: '2442d77dfcbc7edbfdb27d918fa25930') in 0.485814 seconds 
  Import took 0.506856 seconds .

========================================================================
Received Import Request.
  Time since last request: 6.005556 seconds.
  path: Assets/Sprites/forest-2.png
  artifactKey: Guid(d7586728c972f08438371147dbb42eb4) Importer(815301076,1909f56bfc062723c751e8b465ee728b)
Start importing Assets/Sprites/forest-2.png using Guid(d7586728c972f08438371147dbb42eb4) Importer(815301076,1909f56bfc062723c751e8b465ee728b)  -> (artifact id: 'f7c604003e096e7e4a62d095885e2775') in 0.228129 seconds 
  Import took 0.233504 seconds .

========================================================================
Received Import Request.
  Time since last request: 24.320067 seconds.
  path: Assets/Sprites/forest-2.png
  artifactKey: Guid(d7586728c972f08438371147dbb42eb4) Importer(815301076,1909f56bfc062723c751e8b465ee728b)
Start importing Assets/Sprites/forest-2.png using Guid(d7586728c972f08438371147dbb42eb4) Importer(815301076,1909f56bfc062723c751e8b465ee728b)  -> (artifact id: '021881c6fb3ecf136d5f43957dbc4ed7') in 0.191505 seconds 
  Import took 0.253945 seconds .

========================================================================
Received Import Request.
  Time since last request: 6.269913 seconds.
  path: Assets/Sprites/forest-2.png
  artifactKey: Guid(d7586728c972f08438371147dbb42eb4) Importer(815301076,1909f56bfc062723c751e8b465ee728b)
Start importing Assets/Sprites/forest-2.png using Guid(d7586728c972f08438371147dbb42eb4) Importer(815301076,1909f56bfc062723c751e8b465ee728b)  -> (artifact id: '8a2d1480dbd04b3473d3588508231f27') in 0.136433 seconds 
  Import took 0.177700 seconds .

========================================================================
Received Import Request.
  Time since last request: 4.192112 seconds.
  path: Assets/Sprites/forest-2.png
  artifactKey: Guid(d7586728c972f08438371147dbb42eb4) Importer(815301076,1909f56bfc062723c751e8b465ee728b)
Start importing Assets/Sprites/forest-2.png using Guid(d7586728c972f08438371147dbb42eb4) Importer(815301076,1909f56bfc062723c751e8b465ee728b)  -> (artifact id: '3065b5fe9b012ca1c19f627a3b0d1433') in 0.177654 seconds 
  Import took 0.268302 seconds .

========================================================================
Received Import Request.
  Time since last request: 5.466694 seconds.
  path: Assets/Sprites/forest-2.png
  artifactKey: Guid(d7586728c972f08438371147dbb42eb4) Importer(815301076,1909f56bfc062723c751e8b465ee728b)
Start importing Assets/Sprites/forest-2.png using Guid(d7586728c972f08438371147dbb42eb4) Importer(815301076,1909f56bfc062723c751e8b465ee728b)  -> (artifact id: 'c1ec58e646c0d77494881f4a8ac34a79') in 0.115792 seconds 
  Import took 0.147420 seconds .

========================================================================
Received Import Request.
  Time since last request: 119.635240 seconds.
  path: Assets/Sprites/3DS - Project X Zone 2 - BB Hood (1).png
  artifactKey: Guid(493dcc45573088c4381d991056c7d5e7) Importer(815301076,1909f56bfc062723c751e8b465ee728b)
Start importing Assets/Sprites/3DS - Project X Zone 2 - BB Hood (1).png using Guid(493dcc45573088c4381d991056c7d5e7) Importer(815301076,1909f56bfc062723c751e8b465ee728b)  -> (artifact id: 'da2080b491956c134ac8839172eb920b') in 0.410664 seconds 
  Import took 0.669637 seconds .

========================================================================
Received Import Request.
  Time since last request: 118.992026 seconds.
  path: Assets/Sprites/3DS - Project X Zone 2 - BB Hood (1).png
  artifactKey: Guid(493dcc45573088c4381d991056c7d5e7) Importer(815301076,1909f56bfc062723c751e8b465ee728b)
Start importing Assets/Sprites/3DS - Project X Zone 2 - BB Hood (1).png using Guid(493dcc45573088c4381d991056c7d5e7) Importer(815301076,1909f56bfc062723c751e8b465ee728b)  -> (artifact id: '49023c8c0dd1e76eb2a03063824f6df8') in 0.172585 seconds 
  Import took 0.182797 seconds .

========================================================================
Received Import Request.
  Time since last request: 19.238523 seconds.
  path: Assets/Sprites/3DS - Project X Zone 2 - BB Hood (1).png
  artifactKey: Guid(493dcc45573088c4381d991056c7d5e7) Importer(815301076,1909f56bfc062723c751e8b465ee728b)
Start importing Assets/Sprites/3DS - Project X Zone 2 - BB Hood (1).png using Guid(493dcc45573088c4381d991056c7d5e7) Importer(815301076,1909f56bfc062723c751e8b465ee728b)  -> (artifact id: '2d7de0c311d7dfb91f4e9ba51552b1e0') in 0.280360 seconds 
  Import took 0.320205 seconds .

========================================================================
Received Import Request.
  Time since last request: 12.243404 seconds.
  path: Assets/Sprites/3DS - Project X Zone 2 - BB Hood (1).png
  artifactKey: Guid(493dcc45573088c4381d991056c7d5e7) Importer(815301076,1909f56bfc062723c751e8b465ee728b)
Start importing Assets/Sprites/3DS - Project X Zone 2 - BB Hood (1).png using Guid(493dcc45573088c4381d991056c7d5e7) Importer(815301076,1909f56bfc062723c751e8b465ee728b)  -> (artifact id: 'a0339c8253eabed8290f9fbe8a2dea07') in 0.270972 seconds 
  Import took 0.733146 seconds .

========================================================================
Received Import Request.
  Time since last request: 249.804145 seconds.
  path: Assets/Sprites/image-removebg-preview.png
  artifactKey: Guid(5371351fc2bc85449b48919b4b5709c5) Importer(815301076,1909f56bfc062723c751e8b465ee728b)
Start importing Assets/Sprites/image-removebg-preview.png using Guid(5371351fc2bc85449b48919b4b5709c5) Importer(815301076,1909f56bfc062723c751e8b465ee728b)  -> (artifact id: 'eae43ad50a6f9822a375a861d8d405aa') in 0.329672 seconds 
  Import took 0.411037 seconds .

========================================================================
Received Prepare
Registering precompiled user dll's ...
Registered in 0.546727 seconds.
Begin MonoManager ReloadAssembly
Native extension for WindowsStandalone target not found
Refreshing native plugins compatible for Editor in 0.61 ms, found 3 plugins.
Preloading 0 native plugins for Editor in 0.00 ms.
Mono: successfully reloaded assembly
- Completed reload, in  4.105 seconds
Domain Reload Profiling:
	ReloadAssembly (4123ms)
		BeginReloadAssembly (2747ms)
			ExecutionOrderSort (0ms)
			DisableScriptedObjects (569ms)
			BackupInstance (0ms)
			ReleaseScriptingObjects (0ms)
			CreateAndSetChildDomain (1138ms)
		EndReloadAssembly (1267ms)
			LoadAssemblies (493ms)
			RebuildTransferFunctionScriptingTraits (0ms)
			SetupTypeCache (426ms)
			ReleaseScriptCaches (5ms)
			RebuildScriptCaches (62ms)
			SetupLoadedEditorAssemblies (473ms)
				LogAssemblyErrors (0ms)
				InitializePlatformSupportModulesInManaged (5ms)
				SetLoadedEditorAssemblies (1ms)
				RefreshPlugins (1ms)
				BeforeProcessingInitializeOnLoad (71ms)
				ProcessInitializeOnLoadAttributes (373ms)
				ProcessInitializeOnLoadMethodAttributes (15ms)
				AfterProcessingInitializeOnLoad (7ms)
				EditorAssembliesLoaded (0ms)
			ExecutionOrderSort2 (0ms)
			AwakeInstancesAfterBackupRestoration (10ms)
Platform modules already initialized, skipping
Refreshing native plugins compatible for Editor in 0.74 ms, found 3 plugins.
Preloading 0 native plugins for Editor in 0.00 ms.
Unloading 2193 Unused Serialized files (Serialized files now loaded: 0)
System memory in use before: 99.6 MB.
System memory in use after: 99.5 MB.

Unloading 23 unused Assets to reduce memory usage. Loaded Objects now: 2703.
Total: 26.690200 ms (FindLiveObjects: 0.277100 ms CreateObjectMapping: 0.101400 ms MarkObjects: 26.175600 ms  DeleteObjects: 0.133900 ms)

AssetImportParameters requested are different than current active one (requested -> active):
  custom:framework-win-MediaFoundation: 216162199b28c13a410421893ffa2e32 -> 
  custom:video-decoder-ogg-theora: a1e56fd34408186e4bbccfd4996cb3dc -> 
  custom:container-muxer-webm: aa71ff27fc2769a1b78a27578f13a17b -> 
  custom:container-demuxer-webm: 4f35f7cbe854078d1ac9338744f61a02 -> 
  custom:container-demuxer-ogg: 62fdf1f143b41e24485cea50d1cbac27 -> 
  custom:video-encoder-webm-vp8: eb34c28f22e8b96e1ab97ce403110664 -> 
  custom:video-decoder-webm-vp8: 9c59270c3fd7afecdb556c50c9e8de78 -> 
  custom:audio-decoder-ogg-vorbis: bf7c407c2cedff20999df2af8eb42d56 -> 
  custom:audio-encoder-webm-vorbis: bf7c407c2cedff20999df2af8eb42d56 -> 
========================================================================
Received Prepare
Registering precompiled user dll's ...
Registered in 0.003403 seconds.
Begin MonoManager ReloadAssembly
Native extension for WindowsStandalone target not found
Refreshing native plugins compatible for Editor in 0.55 ms, found 3 plugins.
Preloading 0 native plugins for Editor in 0.00 ms.
Mono: successfully reloaded assembly
- Completed reload, in  1.854 seconds
Domain Reload Profiling:
	ReloadAssembly (1855ms)
		BeginReloadAssembly (690ms)
			ExecutionOrderSort (0ms)
			DisableScriptedObjects (74ms)
			BackupInstance (0ms)
			ReleaseScriptingObjects (0ms)
			CreateAndSetChildDomain (301ms)
		EndReloadAssembly (1069ms)
			LoadAssemblies (248ms)
			RebuildTransferFunctionScriptingTraits (0ms)
			SetupTypeCache (345ms)
			ReleaseScriptCaches (1ms)
			RebuildScriptCaches (48ms)
			SetupLoadedEditorAssemblies (355ms)
				LogAssemblyErrors (0ms)
				InitializePlatformSupportModulesInManaged (5ms)
				SetLoadedEditorAssemblies (1ms)
				RefreshPlugins (1ms)
				BeforeProcessingInitializeOnLoad (64ms)
				ProcessInitializeOnLoadAttributes (266ms)
				ProcessInitializeOnLoadMethodAttributes (12ms)
				AfterProcessingInitializeOnLoad (7ms)
				EditorAssembliesLoaded (0ms)
			ExecutionOrderSort2 (0ms)
			AwakeInstancesAfterBackupRestoration (10ms)
Platform modules already initialized, skipping
Refreshing native plugins compatible for Editor in 0.89 ms, found 3 plugins.
Preloading 0 native plugins for Editor in 0.00 ms.
Unloading 2193 Unused Serialized files (Serialized files now loaded: 0)
System memory in use before: 99.6 MB.
System memory in use after: 99.6 MB.

Unloading 23 unused Assets to reduce memory usage. Loaded Objects now: 2705.
Total: 3.609900 ms (FindLiveObjects: 0.222500 ms CreateObjectMapping: 0.114400 ms MarkObjects: 3.155100 ms  DeleteObjects: 0.117000 ms)

AssetImportParameters requested are different than current active one (requested -> active):
  custom:framework-win-MediaFoundation: 216162199b28c13a410421893ffa2e32 -> 
  custom:video-decoder-ogg-theora: a1e56fd34408186e4bbccfd4996cb3dc -> 
  custom:container-muxer-webm: aa71ff27fc2769a1b78a27578f13a17b -> 
  custom:container-demuxer-webm: 4f35f7cbe854078d1ac9338744f61a02 -> 
  custom:container-demuxer-ogg: 62fdf1f143b41e24485cea50d1cbac27 -> 
  custom:video-encoder-webm-vp8: eb34c28f22e8b96e1ab97ce403110664 -> 
  custom:video-decoder-webm-vp8: 9c59270c3fd7afecdb556c50c9e8de78 -> 
  custom:audio-decoder-ogg-vorbis: bf7c407c2cedff20999df2af8eb42d56 -> 
  custom:audio-encoder-webm-vorbis: bf7c407c2cedff20999df2af8eb42d56 -> 
========================================================================
Received Import Request.
  Time since last request: 302.710462 seconds.
  path: Assets/Sprites/forest-2.png
  artifactKey: Guid(d7586728c972f08438371147dbb42eb4) Importer(815301076,1909f56bfc062723c751e8b465ee728b)
Start importing Assets/Sprites/forest-2.png using Guid(d7586728c972f08438371147dbb42eb4) Importer(815301076,1909f56bfc062723c751e8b465ee728b)  -> (artifact id: 'e93983ffbc861f5d90cbbee025877c05') in 0.499045 seconds 
  Import took 0.519589 seconds .

========================================================================
Received Import Request.
  Time since last request: 94.775438 seconds.
  path: Assets/Sprites/SNES - DoReMi Fantasy Milon no Dokidoki Daibouken JPN - Forest Background.png
  artifactKey: Guid(e7b6202504ea0294486ce75285d2cb62) Importer(815301076,1909f56bfc062723c751e8b465ee728b)
Start importing Assets/Sprites/SNES - DoReMi Fantasy Milon no Dokidoki Daibouken JPN - Forest Background.png using Guid(e7b6202504ea0294486ce75285d2cb62) Importer(815301076,1909f56bfc062723c751e8b465ee728b)  -> (artifact id: '97a11dd1760cc3cfb965e061a8de927c') in 0.112838 seconds 
  Import took 0.163314 seconds .

========================================================================
Received Import Request.
  Time since last request: 432.523260 seconds.
  path: Assets/Sprites/17.png
  artifactKey: Guid(5614f6d00d9d0f940a97e5a1ed14d142) Importer(815301076,1909f56bfc062723c751e8b465ee728b)
Start importing Assets/Sprites/17.png using Guid(5614f6d00d9d0f940a97e5a1ed14d142) Importer(815301076,1909f56bfc062723c751e8b465ee728b)  -> (artifact id: 'd8727a9904a2c7217a73f692c5d65ed5') in 0.101816 seconds 
  Import took 0.169336 seconds .

========================================================================
Received Import Request.
  Time since last request: 106.251280 seconds.
  path: Assets/Scenes/BeginAnimation.unity
  artifactKey: Guid(e89c0ea69ea5f0846943c08b02751aec) Importer(815301076,1909f56bfc062723c751e8b465ee728b)
Start importing Assets/Scenes/BeginAnimation.unity using Guid(e89c0ea69ea5f0846943c08b02751aec) Importer(815301076,1909f56bfc062723c751e8b465ee728b)  -> (artifact id: '127fedf35762c1eb1d7c0c032d75d1b7') in 0.048214 seconds 
  Import took 0.121837 seconds .

========================================================================
Received Prepare
Registering precompiled user dll's ...
Registered in 0.007086 seconds.
Begin MonoManager ReloadAssembly
Native extension for WindowsStandalone target not found
Refreshing native plugins compatible for Editor in 1.06 ms, found 3 plugins.
Preloading 0 native plugins for Editor in 0.00 ms.
Mono: successfully reloaded assembly
- Completed reload, in  1.447 seconds
Domain Reload Profiling:
	ReloadAssembly (1448ms)
		BeginReloadAssembly (255ms)
			ExecutionOrderSort (0ms)
			DisableScriptedObjects (8ms)
			BackupInstance (0ms)
			ReleaseScriptingObjects (0ms)
			CreateAndSetChildDomain (46ms)
		EndReloadAssembly (1053ms)
			LoadAssemblies (234ms)
			RebuildTransferFunctionScriptingTraits (0ms)
			SetupTypeCache (359ms)
			ReleaseScriptCaches (1ms)
			RebuildScriptCaches (50ms)
			SetupLoadedEditorAssemblies (402ms)
				LogAssemblyErrors (0ms)
				InitializePlatformSupportModulesInManaged (6ms)
				SetLoadedEditorAssemblies (1ms)
				RefreshPlugins (1ms)
				BeforeProcessingInitializeOnLoad (88ms)
				ProcessInitializeOnLoadAttributes (284ms)
				ProcessInitializeOnLoadMethodAttributes (14ms)
				AfterProcessingInitializeOnLoad (7ms)
				EditorAssembliesLoaded (0ms)
			ExecutionOrderSort2 (0ms)
			AwakeInstancesAfterBackupRestoration (11ms)
Platform modules already initialized, skipping
Refreshing native plugins compatible for Editor in 1.01 ms, found 3 plugins.
Preloading 0 native plugins for Editor in 0.00 ms.
Unloading 2193 Unused Serialized files (Serialized files now loaded: 0)
System memory in use before: 99.7 MB.
System memory in use after: 99.8 MB.

Unloading 23 unused Assets to reduce memory usage. Loaded Objects now: 2714.
Total: 6.301900 ms (FindLiveObjects: 0.378100 ms CreateObjectMapping: 0.175400 ms MarkObjects: 5.510800 ms  DeleteObjects: 0.235900 ms)

AssetImportParameters requested are different than current active one (requested -> active):
  custom:framework-win-MediaFoundation: 216162199b28c13a410421893ffa2e32 -> 
  custom:video-decoder-ogg-theora: a1e56fd34408186e4bbccfd4996cb3dc -> 
  custom:container-muxer-webm: aa71ff27fc2769a1b78a27578f13a17b -> 
  custom:container-demuxer-webm: 4f35f7cbe854078d1ac9338744f61a02 -> 
  custom:container-demuxer-ogg: 62fdf1f143b41e24485cea50d1cbac27 -> 
  custom:video-encoder-webm-vp8: eb34c28f22e8b96e1ab97ce403110664 -> 
  custom:video-decoder-webm-vp8: 9c59270c3fd7afecdb556c50c9e8de78 -> 
  custom:audio-decoder-ogg-vorbis: bf7c407c2cedff20999df2af8eb42d56 -> 
  custom:audio-encoder-webm-vorbis: bf7c407c2cedff20999df2af8eb42d56 -> 
========================================================================
Received Prepare
Registering precompiled user dll's ...
Registered in 0.007309 seconds.
Begin MonoManager ReloadAssembly
Native extension for WindowsStandalone target not found
Refreshing native plugins compatible for Editor in 0.92 ms, found 3 plugins.
Preloading 0 native plugins for Editor in 0.00 ms.
Mono: successfully reloaded assembly
- Completed reload, in  2.491 seconds
Domain Reload Profiling:
	ReloadAssembly (2492ms)
		BeginReloadAssembly (305ms)
			ExecutionOrderSort (0ms)
			DisableScriptedObjects (15ms)
			BackupInstance (0ms)
			ReleaseScriptingObjects (0ms)
			CreateAndSetChildDomain (73ms)
		EndReloadAssembly (2035ms)
			LoadAssemblies (285ms)
			RebuildTransferFunctionScriptingTraits (0ms)
			SetupTypeCache (745ms)
			ReleaseScriptCaches (2ms)
			RebuildScriptCaches (125ms)
			SetupLoadedEditorAssemblies (700ms)
				LogAssemblyErrors (0ms)
				InitializePlatformSupportModulesInManaged (10ms)
				SetLoadedEditorAssemblies (1ms)
				RefreshPlugins (1ms)
				BeforeProcessingInitializeOnLoad (132ms)
				ProcessInitializeOnLoadAttributes (510ms)
				ProcessInitializeOnLoadMethodAttributes (30ms)
				AfterProcessingInitializeOnLoad (16ms)
				EditorAssembliesLoaded (0ms)
			ExecutionOrderSort2 (0ms)
			AwakeInstancesAfterBackupRestoration (23ms)
Platform modules already initialized, skipping
Refreshing native plugins compatible for Editor in 1.56 ms, found 3 plugins.
Preloading 0 native plugins for Editor in 0.00 ms.
Unloading 2193 Unused Serialized files (Serialized files now loaded: 0)
System memory in use before: 99.8 MB.
System memory in use after: 99.8 MB.

Unloading 23 unused Assets to reduce memory usage. Loaded Objects now: 2716.
Total: 6.712600 ms (FindLiveObjects: 0.384800 ms CreateObjectMapping: 0.198400 ms MarkObjects: 5.871800 ms  DeleteObjects: 0.254900 ms)

AssetImportParameters requested are different than current active one (requested -> active):
  custom:framework-win-MediaFoundation: 216162199b28c13a410421893ffa2e32 -> 
  custom:video-decoder-ogg-theora: a1e56fd34408186e4bbccfd4996cb3dc -> 
  custom:container-muxer-webm: aa71ff27fc2769a1b78a27578f13a17b -> 
  custom:container-demuxer-webm: 4f35f7cbe854078d1ac9338744f61a02 -> 
  custom:container-demuxer-ogg: 62fdf1f143b41e24485cea50d1cbac27 -> 
  custom:video-encoder-webm-vp8: eb34c28f22e8b96e1ab97ce403110664 -> 
  custom:video-decoder-webm-vp8: 9c59270c3fd7afecdb556c50c9e8de78 -> 
  custom:audio-decoder-ogg-vorbis: bf7c407c2cedff20999df2af8eb42d56 -> 
  custom:audio-encoder-webm-vorbis: bf7c407c2cedff20999df2af8eb42d56 -> 
AssetImportWorkerClient::OnTransportError - code=2 error=End of file
